[debug] [2022-05-26T14:15:55.950Z] ----------------------------------------------------------------------
[debug] [2022-05-26T14:15:55.954Z] Command:       D:\Program Files\nodejs\node.exe C:\Users\hasibulislam999\AppData\Roaming\npm\node_modules\firebase-tools\lib\bin\firebase.js deploy
[debug] [2022-05-26T14:15:55.954Z] CLI Version:   11.0.0
[debug] [2022-05-26T14:15:55.954Z] Platform:      win32
[debug] [2022-05-26T14:15:55.954Z] Node Version:  v16.14.2
[debug] [2022-05-26T14:15:55.956Z] Time:          Thu May 26 2022 20:15:55 GMT+0600 (Bangladesh Standard Time)
[debug] [2022-05-26T14:15:55.956Z] ----------------------------------------------------------------------
[debug] 
[debug] [2022-05-26T14:15:55.971Z] >>> [apiv2][query] GET https://firebase-public.firebaseio.com/cli.json [none]
[debug] [2022-05-26T14:15:56.139Z] > command requires scopes: ["email","openid","https://www.googleapis.com/auth/cloudplatformprojects.readonly","https://www.googleapis.com/auth/firebase","https://www.googleapis.com/auth/cloud-platform"]
[debug] [2022-05-26T14:15:56.139Z] > authorizing via signed-in user (hasib143sl@gmail.com)
[debug] [2022-05-26T14:15:56.139Z] [iam] checking project manufacturer-website-c4f0d for permissions ["firebase.projects.get","firebasehosting.sites.update"]
[debug] [2022-05-26T14:15:56.141Z] > refreshing access token with scopes: []
[debug] [2022-05-26T14:15:56.141Z] >>> HTTP REQUEST POST https://www.googleapis.com/oauth2/v3/token  
 <request body omitted>
[debug] [2022-05-26T14:15:56.807Z] <<< HTTP RESPONSE 200 {"pragma":"no-cache","cache-control":"no-cache, no-store, max-age=0, must-revalidate","expires":"Mon, 01 Jan 1990 00:00:00 GMT","date":"Thu, 26 May 2022 14:15:58 GMT","content-type":"application/json; charset=utf-8","vary":"X-Origin, Referer, Origin,Accept-Encoding","server":"scaffolding on HTTPServer2","x-xss-protection":"0","x-frame-options":"SAMEORIGIN","x-content-type-options":"nosniff","alt-svc":"h3=\":443\"; ma=2592000,h3-29=\":443\"; ma=2592000,h3-Q050=\":443\"; ma=2592000,h3-Q046=\":443\"; ma=2592000,h3-Q043=\":443\"; ma=2592000,quic=\":443\"; ma=2592000; v=\"46,43\"","accept-ranges":"none","transfer-encoding":"chunked"}
[debug] [2022-05-26T14:15:56.844Z] >>> [apiv2][query] POST https://cloudresourcemanager.googleapis.com/v1/projects/manufacturer-website-c4f0d:testIamPermissions [none]
[debug] [2022-05-26T14:15:56.848Z] >>> [apiv2][body] POST https://cloudresourcemanager.googleapis.com/v1/projects/manufacturer-website-c4f0d:testIamPermissions {"permissions":["firebase.projects.get","firebasehosting.sites.update"]}
[debug] [2022-05-26T14:15:57.162Z] <<< [apiv2][status] GET https://firebase-public.firebaseio.com/cli.json 200
[debug] [2022-05-26T14:15:57.162Z] <<< [apiv2][body] GET https://firebase-public.firebaseio.com/cli.json {"cloudBuildErrorAfter":1594252800000,"cloudBuildWarnAfter":1590019200000,"defaultNode10After":1594252800000,"minVersion":"3.0.5","node8DeploysDisabledAfter":1613390400000,"node8RuntimeDisabledAfter":1615809600000,"node8WarnAfter":1600128000000}
[debug] [2022-05-26T14:15:59.983Z] <<< [apiv2][status] POST https://cloudresourcemanager.googleapis.com/v1/projects/manufacturer-website-c4f0d:testIamPermissions 200
[debug] [2022-05-26T14:15:59.983Z] <<< [apiv2][body] POST https://cloudresourcemanager.googleapis.com/v1/projects/manufacturer-website-c4f0d:testIamPermissions {"permissions":["firebase.projects.get","firebasehosting.sites.update"]}
[debug] [2022-05-26T14:15:59.984Z] >>> [apiv2][query] GET https://firebase.googleapis.com/v1beta1/projects/manufacturer-website-c4f0d [none]
[debug] [2022-05-26T14:16:10.993Z] Failed to make request to https://firebase.googleapis.com/v1beta1/projects/manufacturer-website-c4f0d
[debug] [2022-05-26T14:16:11.270Z] FirebaseError: Failed to make request to https://firebase.googleapis.com/v1beta1/projects/manufacturer-website-c4f0d
    at RetryOperation._fn (C:\Users\hasibulislam999\AppData\Roaming\npm\node_modules\firebase-tools\lib\apiv2.js:240:31)
    at processTicksAndRejections (node:internal/process/task_queues:96:5)
[error] 
[error] Error: Failed to get Firebase project manufacturer-website-c4f0d. Please make sure the project exists and your account has permission to access it.
